<?xml version="1.0" encoding="UTF-8"?>
<testsuite xmlns:xsi="http://www.w3.org/2001/XMLSchema-instance" xsi:noNamespaceSchemaLocation="https://maven.apache.org/surefire/maven-surefire-plugin/xsd/surefire-test-report.xsd" version="3.0.2" name="OOP_Project.example.OOP_Project.OopProjectApplicationTests" time="5.866" tests="1" errors="0" skipped="0" failures="0">
  <properties>
    <property name="java.specification.version" value="17"/>
    <property name="sun.cpu.isalist" value="amd64"/>
    <property name="sun.jnu.encoding" value="Cp1252"/>
    <property name="java.class.path" value="C:\Users\MTQV\Desktop\OOP_Project\target\test-classes;C:\Users\MTQV\Desktop\OOP_Project\target\classes;C:\Users\MTQV\.m2\repository\org\springframework\boot\spring-boot-starter-thymeleaf\3.4.0-SNAPSHOT\spring-boot-starter-thymeleaf-3.4.0-SNAPSHOT.jar;C:\Users\MTQV\.m2\repository\org\springframework\boot\spring-boot-starter\3.4.0-SNAPSHOT\spring-boot-starter-3.4.0-SNAPSHOT.jar;C:\Users\MTQV\.m2\repository\org\springframework\boot\spring-boot-starter-logging\3.4.0-SNAPSHOT\spring-boot-starter-logging-3.4.0-SNAPSHOT.jar;C:\Users\MTQV\.m2\repository\ch\qos\logback\logback-classic\1.5.8\logback-classic-1.5.8.jar;C:\Users\MTQV\.m2\repository\ch\qos\logback\logback-core\1.5.8\logback-core-1.5.8.jar;C:\Users\MTQV\.m2\repository\org\apache\logging\log4j\log4j-to-slf4j\2.24.0\log4j-to-slf4j-2.24.0.jar;C:\Users\MTQV\.m2\repository\org\apache\logging\log4j\log4j-api\2.24.0\log4j-api-2.24.0.jar;C:\Users\MTQV\.m2\repository\org\slf4j\jul-to-slf4j\2.0.16\jul-to-slf4j-2.0.16.jar;C:\Users\MTQV\.m2\repository\jakarta\annotation\jakarta.annotation-api\2.1.1\jakarta.annotation-api-2.1.1.jar;C:\Users\MTQV\.m2\repository\org\yaml\snakeyaml\2.3\snakeyaml-2.3.jar;C:\Users\MTQV\.m2\repository\org\thymeleaf\thymeleaf-spring6\3.1.2.RELEASE\thymeleaf-spring6-3.1.2.RELEASE.jar;C:\Users\MTQV\.m2\repository\org\thymeleaf\thymeleaf\3.1.2.RELEASE\thymeleaf-3.1.2.RELEASE.jar;C:\Users\MTQV\.m2\repository\org\attoparser\attoparser\2.0.7.RELEASE\attoparser-2.0.7.RELEASE.jar;C:\Users\MTQV\.m2\repository\org\unbescape\unbescape\1.1.6.RELEASE\unbescape-1.1.6.RELEASE.jar;C:\Users\MTQV\.m2\repository\org\springframework\boot\spring-boot-starter-web\3.4.0-SNAPSHOT\spring-boot-starter-web-3.4.0-SNAPSHOT.jar;C:\Users\MTQV\.m2\repository\org\springframework\boot\spring-boot-starter-json\3.4.0-SNAPSHOT\spring-boot-starter-json-3.4.0-SNAPSHOT.jar;C:\Users\MTQV\.m2\repository\com\fasterxml\jackson\core\jackson-databind\2.18.0\jackson-databind-2.18.0.jar;C:\Users\MTQV\.m2\repository\com\fasterxml\jackson\core\jackson-annotations\2.18.0\jackson-annotations-2.18.0.jar;C:\Users\MTQV\.m2\repository\com\fasterxml\jackson\core\jackson-core\2.18.0\jackson-core-2.18.0.jar;C:\Users\MTQV\.m2\repository\com\fasterxml\jackson\datatype\jackson-datatype-jdk8\2.18.0\jackson-datatype-jdk8-2.18.0.jar;C:\Users\MTQV\.m2\repository\com\fasterxml\jackson\datatype\jackson-datatype-jsr310\2.18.0\jackson-datatype-jsr310-2.18.0.jar;C:\Users\MTQV\.m2\repository\com\fasterxml\jackson\module\jackson-module-parameter-names\2.18.0\jackson-module-parameter-names-2.18.0.jar;C:\Users\MTQV\.m2\repository\org\springframework\boot\spring-boot-starter-tomcat\3.4.0-SNAPSHOT\spring-boot-starter-tomcat-3.4.0-SNAPSHOT.jar;C:\Users\MTQV\.m2\repository\org\apache\tomcat\embed\tomcat-embed-core\10.1.30\tomcat-embed-core-10.1.30.jar;C:\Users\MTQV\.m2\repository\org\apache\tomcat\embed\tomcat-embed-el\10.1.30\tomcat-embed-el-10.1.30.jar;C:\Users\MTQV\.m2\repository\org\apache\tomcat\embed\tomcat-embed-websocket\10.1.30\tomcat-embed-websocket-10.1.30.jar;C:\Users\MTQV\.m2\repository\org\springframework\spring-web\6.2.0-RC1\spring-web-6.2.0-RC1.jar;C:\Users\MTQV\.m2\repository\org\springframework\spring-beans\6.2.0-RC1\spring-beans-6.2.0-RC1.jar;C:\Users\MTQV\.m2\repository\io\micrometer\micrometer-observation\1.14.0-M3\micrometer-observation-1.14.0-M3.jar;C:\Users\MTQV\.m2\repository\io\micrometer\micrometer-commons\1.14.0-M3\micrometer-commons-1.14.0-M3.jar;C:\Users\MTQV\.m2\repository\org\springframework\spring-webmvc\6.2.0-RC1\spring-webmvc-6.2.0-RC1.jar;C:\Users\MTQV\.m2\repository\org\springframework\spring-aop\6.2.0-RC1\spring-aop-6.2.0-RC1.jar;C:\Users\MTQV\.m2\repository\org\springframework\spring-context\6.2.0-RC1\spring-context-6.2.0-RC1.jar;C:\Users\MTQV\.m2\repository\org\springframework\spring-expression\6.2.0-RC1\spring-expression-6.2.0-RC1.jar;C:\Users\MTQV\.m2\repository\org\thymeleaf\extras\thymeleaf-extras-springsecurity6\3.1.2.RELEASE\thymeleaf-extras-springsecurity6-3.1.2.RELEASE.jar;C:\Users\MTQV\.m2\repository\org\slf4j\slf4j-api\2.0.16\slf4j-api-2.0.16.jar;C:\Users\MTQV\.m2\repository\org\springframework\boot\spring-boot-starter-test\3.4.0-SNAPSHOT\spring-boot-starter-test-3.4.0-SNAPSHOT.jar;C:\Users\MTQV\.m2\repository\org\springframework\boot\spring-boot-test\3.4.0-SNAPSHOT\spring-boot-test-3.4.0-SNAPSHOT.jar;C:\Users\MTQV\.m2\repository\org\springframework\boot\spring-boot-test-autoconfigure\3.4.0-SNAPSHOT\spring-boot-test-autoconfigure-3.4.0-SNAPSHOT.jar;C:\Users\MTQV\.m2\repository\com\jayway\jsonpath\json-path\2.9.0\json-path-2.9.0.jar;C:\Users\MTQV\.m2\repository\jakarta\xml\bind\jakarta.xml.bind-api\4.0.2\jakarta.xml.bind-api-4.0.2.jar;C:\Users\MTQV\.m2\repository\jakarta\activation\jakarta.activation-api\2.1.3\jakarta.activation-api-2.1.3.jar;C:\Users\MTQV\.m2\repository\net\minidev\json-smart\2.5.1\json-smart-2.5.1.jar;C:\Users\MTQV\.m2\repository\net\minidev\accessors-smart\2.5.1\accessors-smart-2.5.1.jar;C:\Users\MTQV\.m2\repository\org\ow2\asm\asm\9.6\asm-9.6.jar;C:\Users\MTQV\.m2\repository\org\assertj\assertj-core\3.26.3\assertj-core-3.26.3.jar;C:\Users\MTQV\.m2\repository\net\bytebuddy\byte-buddy\1.15.1\byte-buddy-1.15.1.jar;C:\Users\MTQV\.m2\repository\org\awaitility\awaitility\4.2.2\awaitility-4.2.2.jar;C:\Users\MTQV\.m2\repository\org\hamcrest\hamcrest\2.2\hamcrest-2.2.jar;C:\Users\MTQV\.m2\repository\org\junit\jupiter\junit-jupiter\5.11.0\junit-jupiter-5.11.0.jar;C:\Users\MTQV\.m2\repository\org\junit\jupiter\junit-jupiter-api\5.11.0\junit-jupiter-api-5.11.0.jar;C:\Users\MTQV\.m2\repository\org\opentest4j\opentest4j\1.3.0\opentest4j-1.3.0.jar;C:\Users\MTQV\.m2\repository\org\junit\platform\junit-platform-commons\1.11.0\junit-platform-commons-1.11.0.jar;C:\Users\MTQV\.m2\repository\org\apiguardian\apiguardian-api\1.1.2\apiguardian-api-1.1.2.jar;C:\Users\MTQV\.m2\repository\org\junit\jupiter\junit-jupiter-params\5.11.0\junit-jupiter-params-5.11.0.jar;C:\Users\MTQV\.m2\repository\org\junit\jupiter\junit-jupiter-engine\5.11.0\junit-jupiter-engine-5.11.0.jar;C:\Users\MTQV\.m2\repository\org\junit\platform\junit-platform-engine\1.11.0\junit-platform-engine-1.11.0.jar;C:\Users\MTQV\.m2\repository\org\mockito\mockito-core\5.13.0\mockito-core-5.13.0.jar;C:\Users\MTQV\.m2\repository\net\bytebuddy\byte-buddy-agent\1.15.1\byte-buddy-agent-1.15.1.jar;C:\Users\MTQV\.m2\repository\org\objenesis\objenesis\3.3\objenesis-3.3.jar;C:\Users\MTQV\.m2\repository\org\mockito\mockito-junit-jupiter\5.13.0\mockito-junit-jupiter-5.13.0.jar;C:\Users\MTQV\.m2\repository\org\skyscreamer\jsonassert\1.5.3\jsonassert-1.5.3.jar;C:\Users\MTQV\.m2\repository\com\vaadin\external\google\android-json\0.0.20131108.vaadin1\android-json-0.0.20131108.vaadin1.jar;C:\Users\MTQV\.m2\repository\org\springframework\spring-core\6.2.0-RC1\spring-core-6.2.0-RC1.jar;C:\Users\MTQV\.m2\repository\org\springframework\spring-jcl\6.2.0-RC1\spring-jcl-6.2.0-RC1.jar;C:\Users\MTQV\.m2\repository\org\springframework\spring-test\6.2.0-RC1\spring-test-6.2.0-RC1.jar;C:\Users\MTQV\.m2\repository\org\xmlunit\xmlunit-core\2.10.0\xmlunit-core-2.10.0.jar;C:\Users\MTQV\.m2\repository\org\springframework\security\spring-security-test\6.4.0-M4\spring-security-test-6.4.0-M4.jar;C:\Users\MTQV\.m2\repository\org\springframework\security\spring-security-core\6.4.0-M4\spring-security-core-6.4.0-M4.jar;C:\Users\MTQV\.m2\repository\org\springframework\security\spring-security-crypto\6.4.0-M4\spring-security-crypto-6.4.0-M4.jar;C:\Users\MTQV\.m2\repository\org\springframework\security\spring-security-web\6.4.0-M4\spring-security-web-6.4.0-M4.jar;C:\Users\MTQV\.m2\repository\org\springframework\boot\spring-boot-devtools\3.4.0-SNAPSHOT\spring-boot-devtools-3.4.0-SNAPSHOT.jar;C:\Users\MTQV\.m2\repository\org\springframework\boot\spring-boot\3.4.0-SNAPSHOT\spring-boot-3.4.0-SNAPSHOT.jar;C:\Users\MTQV\.m2\repository\org\springframework\boot\spring-boot-autoconfigure\3.4.0-SNAPSHOT\spring-boot-autoconfigure-3.4.0-SNAPSHOT.jar;"/>
    <property name="java.vm.vendor" value="Eclipse Adoptium"/>
    <property name="sun.arch.data.model" value="64"/>
    <property name="user.variant" value=""/>
    <property name="java.vendor.url" value="https://adoptium.net/"/>
    <property name="user.timezone" value="Asia/Saigon"/>
    <property name="os.name" value="Windows 11"/>
    <property name="java.vm.specification.version" value="17"/>
    <property name="APPLICATION_NAME" value="OOP_Project"/>
    <property name="user.country" value="US"/>
    <property name="sun.java.launcher" value="SUN_STANDARD"/>
    <property name="sun.boot.library.path" value="C:\Users\MTQV\AppData\Local\Programs\Eclipse Adoptium\jdk-17.0.11.9-hotspot\bin"/>
    <property name="sun.java.command" value="C:\Users\MTQV\AppData\Local\Temp\surefire15790266740489125602\surefirebooter-20241002174825837_3.jar C:\Users\MTQV\AppData\Local\Temp\surefire15790266740489125602 2024-10-02T17-48-25_458-jvmRun1 surefire-20241002174825837_1tmp surefire_0-20241002174825837_2tmp"/>
    <property name="jdk.debug" value="release"/>
    <property name="surefire.test.class.path" value="C:\Users\MTQV\Desktop\OOP_Project\target\test-classes;C:\Users\MTQV\Desktop\OOP_Project\target\classes;C:\Users\MTQV\.m2\repository\org\springframework\boot\spring-boot-starter-thymeleaf\3.4.0-SNAPSHOT\spring-boot-starter-thymeleaf-3.4.0-SNAPSHOT.jar;C:\Users\MTQV\.m2\repository\org\springframework\boot\spring-boot-starter\3.4.0-SNAPSHOT\spring-boot-starter-3.4.0-SNAPSHOT.jar;C:\Users\MTQV\.m2\repository\org\springframework\boot\spring-boot-starter-logging\3.4.0-SNAPSHOT\spring-boot-starter-logging-3.4.0-SNAPSHOT.jar;C:\Users\MTQV\.m2\repository\ch\qos\logback\logback-classic\1.5.8\logback-classic-1.5.8.jar;C:\Users\MTQV\.m2\repository\ch\qos\logback\logback-core\1.5.8\logback-core-1.5.8.jar;C:\Users\MTQV\.m2\repository\org\apache\logging\log4j\log4j-to-slf4j\2.24.0\log4j-to-slf4j-2.24.0.jar;C:\Users\MTQV\.m2\repository\org\apache\logging\log4j\log4j-api\2.24.0\log4j-api-2.24.0.jar;C:\Users\MTQV\.m2\repository\org\slf4j\jul-to-slf4j\2.0.16\jul-to-slf4j-2.0.16.jar;C:\Users\MTQV\.m2\repository\jakarta\annotation\jakarta.annotation-api\2.1.1\jakarta.annotation-api-2.1.1.jar;C:\Users\MTQV\.m2\repository\org\yaml\snakeyaml\2.3\snakeyaml-2.3.jar;C:\Users\MTQV\.m2\repository\org\thymeleaf\thymeleaf-spring6\3.1.2.RELEASE\thymeleaf-spring6-3.1.2.RELEASE.jar;C:\Users\MTQV\.m2\repository\org\thymeleaf\thymeleaf\3.1.2.RELEASE\thymeleaf-3.1.2.RELEASE.jar;C:\Users\MTQV\.m2\repository\org\attoparser\attoparser\2.0.7.RELEASE\attoparser-2.0.7.RELEASE.jar;C:\Users\MTQV\.m2\repository\org\unbescape\unbescape\1.1.6.RELEASE\unbescape-1.1.6.RELEASE.jar;C:\Users\MTQV\.m2\repository\org\springframework\boot\spring-boot-starter-web\3.4.0-SNAPSHOT\spring-boot-starter-web-3.4.0-SNAPSHOT.jar;C:\Users\MTQV\.m2\repository\org\springframework\boot\spring-boot-starter-json\3.4.0-SNAPSHOT\spring-boot-starter-json-3.4.0-SNAPSHOT.jar;C:\Users\MTQV\.m2\repository\com\fasterxml\jackson\core\jackson-databind\2.18.0\jackson-databind-2.18.0.jar;C:\Users\MTQV\.m2\repository\com\fasterxml\jackson\core\jackson-annotations\2.18.0\jackson-annotations-2.18.0.jar;C:\Users\MTQV\.m2\repository\com\fasterxml\jackson\core\jackson-core\2.18.0\jackson-core-2.18.0.jar;C:\Users\MTQV\.m2\repository\com\fasterxml\jackson\datatype\jackson-datatype-jdk8\2.18.0\jackson-datatype-jdk8-2.18.0.jar;C:\Users\MTQV\.m2\repository\com\fasterxml\jackson\datatype\jackson-datatype-jsr310\2.18.0\jackson-datatype-jsr310-2.18.0.jar;C:\Users\MTQV\.m2\repository\com\fasterxml\jackson\module\jackson-module-parameter-names\2.18.0\jackson-module-parameter-names-2.18.0.jar;C:\Users\MTQV\.m2\repository\org\springframework\boot\spring-boot-starter-tomcat\3.4.0-SNAPSHOT\spring-boot-starter-tomcat-3.4.0-SNAPSHOT.jar;C:\Users\MTQV\.m2\repository\org\apache\tomcat\embed\tomcat-embed-core\10.1.30\tomcat-embed-core-10.1.30.jar;C:\Users\MTQV\.m2\repository\org\apache\tomcat\embed\tomcat-embed-el\10.1.30\tomcat-embed-el-10.1.30.jar;C:\Users\MTQV\.m2\repository\org\apache\tomcat\embed\tomcat-embed-websocket\10.1.30\tomcat-embed-websocket-10.1.30.jar;C:\Users\MTQV\.m2\repository\org\springframework\spring-web\6.2.0-RC1\spring-web-6.2.0-RC1.jar;C:\Users\MTQV\.m2\repository\org\springframework\spring-beans\6.2.0-RC1\spring-beans-6.2.0-RC1.jar;C:\Users\MTQV\.m2\repository\io\micrometer\micrometer-observation\1.14.0-M3\micrometer-observation-1.14.0-M3.jar;C:\Users\MTQV\.m2\repository\io\micrometer\micrometer-commons\1.14.0-M3\micrometer-commons-1.14.0-M3.jar;C:\Users\MTQV\.m2\repository\org\springframework\spring-webmvc\6.2.0-RC1\spring-webmvc-6.2.0-RC1.jar;C:\Users\MTQV\.m2\repository\org\springframework\spring-aop\6.2.0-RC1\spring-aop-6.2.0-RC1.jar;C:\Users\MTQV\.m2\repository\org\springframework\spring-context\6.2.0-RC1\spring-context-6.2.0-RC1.jar;C:\Users\MTQV\.m2\repository\org\springframework\spring-expression\6.2.0-RC1\spring-expression-6.2.0-RC1.jar;C:\Users\MTQV\.m2\repository\org\thymeleaf\extras\thymeleaf-extras-springsecurity6\3.1.2.RELEASE\thymeleaf-extras-springsecurity6-3.1.2.RELEASE.jar;C:\Users\MTQV\.m2\repository\org\slf4j\slf4j-api\2.0.16\slf4j-api-2.0.16.jar;C:\Users\MTQV\.m2\repository\org\springframework\boot\spring-boot-starter-test\3.4.0-SNAPSHOT\spring-boot-starter-test-3.4.0-SNAPSHOT.jar;C:\Users\MTQV\.m2\repository\org\springframework\boot\spring-boot-test\3.4.0-SNAPSHOT\spring-boot-test-3.4.0-SNAPSHOT.jar;C:\Users\MTQV\.m2\repository\org\springframework\boot\spring-boot-test-autoconfigure\3.4.0-SNAPSHOT\spring-boot-test-autoconfigure-3.4.0-SNAPSHOT.jar;C:\Users\MTQV\.m2\repository\com\jayway\jsonpath\json-path\2.9.0\json-path-2.9.0.jar;C:\Users\MTQV\.m2\repository\jakarta\xml\bind\jakarta.xml.bind-api\4.0.2\jakarta.xml.bind-api-4.0.2.jar;C:\Users\MTQV\.m2\repository\jakarta\activation\jakarta.activation-api\2.1.3\jakarta.activation-api-2.1.3.jar;C:\Users\MTQV\.m2\repository\net\minidev\json-smart\2.5.1\json-smart-2.5.1.jar;C:\Users\MTQV\.m2\repository\net\minidev\accessors-smart\2.5.1\accessors-smart-2.5.1.jar;C:\Users\MTQV\.m2\repository\org\ow2\asm\asm\9.6\asm-9.6.jar;C:\Users\MTQV\.m2\repository\org\assertj\assertj-core\3.26.3\assertj-core-3.26.3.jar;C:\Users\MTQV\.m2\repository\net\bytebuddy\byte-buddy\1.15.1\byte-buddy-1.15.1.jar;C:\Users\MTQV\.m2\repository\org\awaitility\awaitility\4.2.2\awaitility-4.2.2.jar;C:\Users\MTQV\.m2\repository\org\hamcrest\hamcrest\2.2\hamcrest-2.2.jar;C:\Users\MTQV\.m2\repository\org\junit\jupiter\junit-jupiter\5.11.0\junit-jupiter-5.11.0.jar;C:\Users\MTQV\.m2\repository\org\junit\jupiter\junit-jupiter-api\5.11.0\junit-jupiter-api-5.11.0.jar;C:\Users\MTQV\.m2\repository\org\opentest4j\opentest4j\1.3.0\opentest4j-1.3.0.jar;C:\Users\MTQV\.m2\repository\org\junit\platform\junit-platform-commons\1.11.0\junit-platform-commons-1.11.0.jar;C:\Users\MTQV\.m2\repository\org\apiguardian\apiguardian-api\1.1.2\apiguardian-api-1.1.2.jar;C:\Users\MTQV\.m2\repository\org\junit\jupiter\junit-jupiter-params\5.11.0\junit-jupiter-params-5.11.0.jar;C:\Users\MTQV\.m2\repository\org\junit\jupiter\junit-jupiter-engine\5.11.0\junit-jupiter-engine-5.11.0.jar;C:\Users\MTQV\.m2\repository\org\junit\platform\junit-platform-engine\1.11.0\junit-platform-engine-1.11.0.jar;C:\Users\MTQV\.m2\repository\org\mockito\mockito-core\5.13.0\mockito-core-5.13.0.jar;C:\Users\MTQV\.m2\repository\net\bytebuddy\byte-buddy-agent\1.15.1\byte-buddy-agent-1.15.1.jar;C:\Users\MTQV\.m2\repository\org\objenesis\objenesis\3.3\objenesis-3.3.jar;C:\Users\MTQV\.m2\repository\org\mockito\mockito-junit-jupiter\5.13.0\mockito-junit-jupiter-5.13.0.jar;C:\Users\MTQV\.m2\repository\org\skyscreamer\jsonassert\1.5.3\jsonassert-1.5.3.jar;C:\Users\MTQV\.m2\repository\com\vaadin\external\google\android-json\0.0.20131108.vaadin1\android-json-0.0.20131108.vaadin1.jar;C:\Users\MTQV\.m2\repository\org\springframework\spring-core\6.2.0-RC1\spring-core-6.2.0-RC1.jar;C:\Users\MTQV\.m2\repository\org\springframework\spring-jcl\6.2.0-RC1\spring-jcl-6.2.0-RC1.jar;C:\Users\MTQV\.m2\repository\org\springframework\spring-test\6.2.0-RC1\spring-test-6.2.0-RC1.jar;C:\Users\MTQV\.m2\repository\org\xmlunit\xmlunit-core\2.10.0\xmlunit-core-2.10.0.jar;C:\Users\MTQV\.m2\repository\org\springframework\security\spring-security-test\6.4.0-M4\spring-security-test-6.4.0-M4.jar;C:\Users\MTQV\.m2\repository\org\springframework\security\spring-security-core\6.4.0-M4\spring-security-core-6.4.0-M4.jar;C:\Users\MTQV\.m2\repository\org\springframework\security\spring-security-crypto\6.4.0-M4\spring-security-crypto-6.4.0-M4.jar;C:\Users\MTQV\.m2\repository\org\springframework\security\spring-security-web\6.4.0-M4\spring-security-web-6.4.0-M4.jar;C:\Users\MTQV\.m2\repository\org\springframework\boot\spring-boot-devtools\3.4.0-SNAPSHOT\spring-boot-devtools-3.4.0-SNAPSHOT.jar;C:\Users\MTQV\.m2\repository\org\springframework\boot\spring-boot\3.4.0-SNAPSHOT\spring-boot-3.4.0-SNAPSHOT.jar;C:\Users\MTQV\.m2\repository\org\springframework\boot\spring-boot-autoconfigure\3.4.0-SNAPSHOT\spring-boot-autoconfigure-3.4.0-SNAPSHOT.jar;"/>
    <property name="sun.cpu.endian" value="little"/>
    <property name="user.home" value="C:\Users\MTQV"/>
    <property name="user.language" value="en"/>
    <property name="java.specification.vendor" value="Oracle Corporation"/>
    <property name="java.version.date" value="2024-04-16"/>
    <property name="java.home" value="C:\Users\MTQV\AppData\Local\Programs\Eclipse Adoptium\jdk-17.0.11.9-hotspot"/>
    <property name="file.separator" value="\"/>
    <property name="basedir" value="C:\Users\MTQV\Desktop\OOP_Project"/>
    <property name="java.vm.compressedOopsMode" value="32-bit"/>
    <property name="line.separator" value="&#10;"/>
    <property name="java.vm.specification.vendor" value="Oracle Corporation"/>
    <property name="java.specification.name" value="Java Platform API Specification"/>
    <property name="FILE_LOG_CHARSET" value="windows-1252"/>
    <property name="java.awt.headless" value="true"/>
    <property name="surefire.real.class.path" value="C:\Users\MTQV\AppData\Local\Temp\surefire15790266740489125602\surefirebooter-20241002174825837_3.jar"/>
    <property name="user.script" value=""/>
    <property name="sun.management.compiler" value="HotSpot 64-Bit Tiered Compilers"/>
    <property name="java.runtime.version" value="17.0.11+9"/>
    <property name="user.name" value="MTQV"/>
    <property name="path.separator" value=";"/>
    <property name="os.version" value="10.0"/>
    <property name="java.runtime.name" value="OpenJDK Runtime Environment"/>
    <property name="file.encoding" value="Cp1252"/>
    <property name="java.vm.name" value="OpenJDK 64-Bit Server VM"/>
    <property name="java.vendor.version" value="Temurin-17.0.11+9"/>
    <property name="maven.ext.class.path" value="C:\Program Files\NetBeans-22\netbeans\java\maven-nblib\netbeans-eventspy.jar"/>
    <property name="localRepository" value="C:\Users\MTQV\.m2\repository"/>
    <property name="java.vendor.url.bug" value="https://github.com/adoptium/adoptium-support/issues"/>
    <property name="java.io.tmpdir" value="C:\Users\MTQV\AppData\Local\Temp\"/>
    <property name="java.version" value="17.0.11"/>
    <property name="user.dir" value="C:\Users\MTQV\Desktop\OOP_Project"/>
    <property name="os.arch" value="amd64"/>
    <property name="java.vm.specification.name" value="Java Virtual Machine Specification"/>
    <property name="PID" value="7088"/>
    <property name="sun.os.patch.level" value=""/>
    <property name="CONSOLE_LOG_CHARSET" value="windows-1252"/>
    <property name="native.encoding" value="Cp1252"/>
    <property name="java.library.path" value="C:\Users\MTQV\AppData\Local\Programs\Eclipse Adoptium\jdk-17.0.11.9-hotspot\bin;C:\WINDOWS\Sun\Java\bin;C:\WINDOWS\system32;C:\WINDOWS;C:\Program Files\Common Files\Oracle\Java\javapath;C:\WINDOWS\system32;C:\WINDOWS;C:\WINDOWS\System32\Wbem;C:\WINDOWS\System32\WindowsPowerShell\v1.0\;C:\WINDOWS\System32\OpenSSH\;C:\Program Files\Microsoft SQL Server\Client SDK\ODBC\170\Tools\Binn\;C:\Program Files (x86)\Microsoft SQL Server\150\Tools\Binn\;C:\Program Files\Microsoft SQL Server\150\Tools\Binn\;C:\Program Files\Microsoft SQL Server\150\DTS\Binn\;C:\Program Files (x86)\Microsoft SQL Server\160\DTS\Binn\;C:\Program Files\Git\cmd;C:\Program Files\nodejs\;C:\Users\MTQV\.console-ninja\.bin;C:\Users\MTQV\AppData\Local\Programs\Python\Python312\Scripts\;C:\Users\MTQV\AppData\Local\Programs\Python\Python312\;C:\Users\MTQV\AppData\Local\Programs\Python\Launcher\;C:\Users\MTQV\AppData\Local\Programs\Eclipse Adoptium\jdk-17.0.11.9-hotspot\bin;C:\Users\MTQV\AppData\Local\Microsoft\WindowsApps;C:\Users\MTQV\AppData\Local\Programs\Microsoft VS Code\bin;C:\Users\MTQV\AppData\Local\Programs\Python\Python312\Scripts;C:\Program Files\Python\Python312\Scripts;C:\Users\MTQV\AppData\Roaming\npm;C:\Program Files\sqlite;C:\Users\MTQV\AppData\Local\GitHubDesktop\bin;."/>
    <property name="java.vm.info" value="mixed mode, sharing"/>
    <property name="java.vendor" value="Eclipse Adoptium"/>
    <property name="java.vm.version" value="17.0.11+9"/>
    <property name="sun.io.unicode.encoding" value="UnicodeLittle"/>
    <property name="java.class.version" value="61.0"/>
    <property name="LOGGED_APPLICATION_NAME" value="[OOP_Project] "/>
  </properties>
  <testcase name="contextLoads" classname="OOP_Project.example.OOP_Project.OopProjectApplicationTests" time="1.509">
    <system-out><![CDATA[17:48:27.666 [main] INFO org.springframework.test.context.support.AnnotationConfigContextLoaderUtils -- Could not detect default configuration classes for test class [OOP_Project.example.OOP_Project.OopProjectApplicationTests]: OopProjectApplicationTests does not declare any static, non-private, non-final, nested classes annotated with @Configuration.
17:48:27.913 [main] INFO org.springframework.boot.test.context.SpringBootTestContextBootstrapper -- Found @SpringBootConfiguration OOP_Project.example.OOP_Project.OopProjectApplication for test class OOP_Project.example.OOP_Project.OopProjectApplicationTests
17:48:28.401 [main] INFO org.springframework.boot.devtools.restart.RestartApplicationListener -- Restart disabled due to context in which it is running

  .   ____          _            __ _ _
 /\\ / ___'_ __ _ _(_)_ __  __ _ \ \ \ \
( ( )\___ | '_ | '_| | '_ \/ _` | \ \ \ \
 \\/  ___)| |_)| | | | | || (_| |  ) ) ) )
  '  |____| .__|_| |_|_| |_\__, | / / / /
 =========|_|==============|___/=/_/_/_/

 :: Spring Boot ::       (v3.4.0-SNAPSHOT)

2024-10-02T17:48:28.998+07:00  INFO 7088 --- [OOP_Project] [           main] O.e.O.OopProjectApplicationTests         : Starting OopProjectApplicationTests using Java 17.0.11 with PID 7088 (started by MTQV in C:\Users\MTQV\Desktop\OOP_Project)
2024-10-02T17:48:29.001+07:00  INFO 7088 --- [OOP_Project] [           main] O.e.O.OopProjectApplicationTests         : No active profile set, falling back to 1 default profile: "default"
2024-10-02T17:48:30.963+07:00  INFO 7088 --- [OOP_Project] [           main] o.s.b.a.w.s.WelcomePageHandlerMapping    : Adding welcome page template: index
2024-10-02T17:48:31.639+07:00  INFO 7088 --- [OOP_Project] [           main] O.e.O.OopProjectApplicationTests         : Started OopProjectApplicationTests in 3.268 seconds (process running for 5.522)
]]></system-out>
  </testcase>
</testsuite>